<?xml version="1.0" encoding="UTF-8"?>
<!-- Generated by org.testng.reporters.JUnitReportReporter -->
<testsuite skipped="0" hostname="DESKTOP-A28O7T3" name="com.automatad.testcase.userTestpositive" tests="9" failures="0" timestamp="26 Jun 2019 10:08:22 GMT" time="8.089" errors="0">
  <testcase name="signUpTest" time="5.113" classname="com.automatad.testcase.userTestpositive"/>
  <testcase name="signInTest" time="0.590" classname="com.automatad.testcase.userTestpositive"/>
  <testcase name="getuserTest" time="0.288" classname="com.automatad.testcase.userTestpositive"/>
  <testcase name="ModifyNameTest" time="0.176" classname="com.automatad.testcase.userTestpositive"/>
  <testcase name="ChangePasswordTest" time="0.874" classname="com.automatad.testcase.userTestpositive"/>
  <testcase name="getUserAfterPasswordChangeTest" time="0.107" classname="com.automatad.testcase.userTestpositive"/>
  <testcase name="getUserAfterLogoutTest" time="0.090" classname="com.automatad.testcase.userTestpositive"/>
  <testcase name="signInwithNewpassTest" time="0.667" classname="com.automatad.testcase.userTestpositive"/>
  <testcase name="forgotPassTest" time="0.184" classname="com.automatad.testcase.userTestpositive"/>
</testsuite> <!-- com.automatad.testcase.userTestpositive -->
